2021-12-03 19:18:07.049  INFO 145991 --- [main] com.netcracker.ncstore.Main              : Starting Main using Java 1.8.0_292 on OMEN-15 with PID 145991 (/home/michael/NetCracker/ncstore/ncstore-back-new/target/classes started by michael in /home/michael/NetCracker/ncstore/ncstore-back-new)
2021-12-03 19:18:07.051  INFO 145991 --- [main] com.netcracker.ncstore.Main              : The following profiles are active: file-only-logging
2021-12-03 19:18:07.710  INFO 145991 --- [main] .s.d.r.c.RepositoryConfigurationDelegate : Bootstrapping Spring Data JPA repositories in DEFAULT mode.
2021-12-03 19:18:07.799  INFO 145991 --- [main] .s.d.r.c.RepositoryConfigurationDelegate : Finished Spring Data repository scanning in 79 ms. Found 13 JPA repository interfaces.
2021-12-03 19:18:08.250  INFO 145991 --- [main] o.s.b.w.embedded.tomcat.TomcatWebServer  : Tomcat initialized with port(s): 8080 (http)
2021-12-03 19:18:08.257  INFO 145991 --- [main] o.apache.catalina.core.StandardService   : Starting service [Tomcat]
2021-12-03 19:18:08.257  INFO 145991 --- [main] org.apache.catalina.core.StandardEngine  : Starting Servlet engine: [Apache Tomcat/9.0.54]
2021-12-03 19:18:08.315  INFO 145991 --- [main] o.a.c.c.C.[Tomcat].[localhost].[/]       : Initializing Spring embedded WebApplicationContext
2021-12-03 19:18:08.315  INFO 145991 --- [main] w.s.c.ServletWebServerApplicationContext : Root WebApplicationContext: initialization completed in 1221 ms
2021-12-03 19:18:08.483  INFO 145991 --- [main] com.zaxxer.hikari.HikariDataSource       : HikariPool-1 - Starting...
2021-12-03 19:18:08.817  INFO 145991 --- [main] com.zaxxer.hikari.HikariDataSource       : HikariPool-1 - Start completed.
2021-12-03 19:18:08.841  INFO 145991 --- [main] o.f.c.internal.license.VersionPrinter    : Flyway Community Edition 8.0.0 by Redgate
2021-12-03 19:18:08.842  INFO 145991 --- [main] o.f.c.i.database.base.BaseDatabaseType   : Database: jdbc:postgresql://localhost:5432/ncstore (PostgreSQL 14.0)
2021-12-03 19:18:08.848  WARN 145991 --- [main] o.f.c.internal.database.base.Database    : Flyway upgrade recommended: PostgreSQL 14.0 is newer than this version of Flyway and support has not been tested. The latest supported version of PostgreSQL is 13.
2021-12-03 19:18:08.878  INFO 145991 --- [main] o.f.core.internal.command.DbValidate     : Successfully validated 6 migrations (execution time 00:00.017s)
2021-12-03 19:18:08.887  INFO 145991 --- [main] o.f.core.internal.command.DbMigrate      : Current version of schema "public": 6
2021-12-03 19:18:08.888  INFO 145991 --- [main] o.f.core.internal.command.DbMigrate      : Schema "public" is up to date. No migration necessary.
2021-12-03 19:18:08.902  INFO 145991 --- [main] o.f.c.i.c.SqlScriptCallbackFactory       : Executing SQL callback: afterMigrate - 
2021-12-03 19:18:09.001  INFO 145991 --- [main] o.hibernate.jpa.internal.util.LogHelper  : HHH000204: Processing PersistenceUnitInfo [name: default]
2021-12-03 19:18:09.037  INFO 145991 --- [main] org.hibernate.Version                    : HHH000412: Hibernate ORM core version 5.4.32.Final
2021-12-03 19:18:09.146  INFO 145991 --- [main] o.hibernate.annotations.common.Version   : HCANN000001: Hibernate Commons Annotations {5.1.2.Final}
2021-12-03 19:18:09.237  INFO 145991 --- [main] org.hibernate.dialect.Dialect            : HHH000400: Using dialect: org.hibernate.dialect.PostgreSQL10Dialect
2021-12-03 19:18:09.943  INFO 145991 --- [main] o.h.e.t.j.p.i.JtaPlatformInitiator       : HHH000490: Using JtaPlatform implementation: [org.hibernate.engine.transaction.jta.platform.internal.NoJtaPlatform]
2021-12-03 19:18:09.953  INFO 145991 --- [main] j.LocalContainerEntityManagerFactoryBean : Initialized JPA EntityManagerFactory for persistence unit 'default'
2021-12-03 19:18:10.013  WARN 145991 --- [main] JpaBaseConfiguration$JpaWebConfiguration : spring.jpa.open-in-view is enabled by default. Therefore, database queries may be performed during view rendering. Explicitly configure spring.jpa.open-in-view to disable this warning
2021-12-03 19:18:10.746  INFO 145991 --- [main] o.s.s.web.DefaultSecurityFilterChain     : Will secure any request with [org.springframework.security.web.context.request.async.WebAsyncManagerIntegrationFilter@45f1413c, org.springframework.security.web.context.SecurityContextPersistenceFilter@12be4f83, org.springframework.security.web.header.HeaderWriterFilter@70ee1963, org.springframework.security.web.authentication.logout.LogoutFilter@7c3c3d67, org.springframework.security.web.servletapi.SecurityContextHolderAwareRequestFilter@32328dc4, org.springframework.security.web.authentication.AnonymousAuthenticationFilter@1a139347, org.springframework.security.web.session.SessionManagementFilter@22c29aa8, org.springframework.security.web.access.ExceptionTranslationFilter@1d622556, com.netcracker.ncstore.security.filter.HeaderJwtAuthFilter@186295cc, org.springframework.security.web.access.intercept.FilterSecurityInterceptor@60e47aab]
2021-12-03 19:18:11.233  INFO 145991 --- [main] o.s.b.w.embedded.tomcat.TomcatWebServer  : Tomcat started on port(s): 8080 (http) with context path ''
2021-12-03 19:18:11.243  INFO 145991 --- [main] com.netcracker.ncstore.Main              : Started Main in 4.633 seconds (JVM running for 5.125)
2021-12-03 19:19:54.256  INFO 145991 --- [SpringApplicationShutdownHook] j.LocalContainerEntityManagerFactoryBean : Closing JPA EntityManagerFactory for persistence unit 'default'
2021-12-03 19:19:54.259  INFO 145991 --- [SpringApplicationShutdownHook] com.zaxxer.hikari.HikariDataSource       : HikariPool-1 - Shutdown initiated...
2021-12-03 19:19:54.265  INFO 145991 --- [SpringApplicationShutdownHook] com.zaxxer.hikari.HikariDataSource       : HikariPool-1 - Shutdown completed.
